Mon Mar 26 2018 13:31:29 GMT-0700 (Pacific Daylight Time): GET /info
Mon Mar 26 2018 13:32:22 GMT-0700 (Pacific Daylight Time): GET /info
Mon Mar 26 2018 13:32:24 GMT-0700 (Pacific Daylight Time): GET /info
Mon Mar 26 2018 13:32:26 GMT-0700 (Pacific Daylight Time): GET /
Mon Mar 26 2018 13:32:28 GMT-0700 (Pacific Daylight Time): GET /weather
Mon Mar 26 2018 13:35:03 GMT-0700 (Pacific Daylight Time): GET /weather
Mon Mar 26 2018 13:36:31 GMT-0700 (Pacific Daylight Time): GET /weather
Mon Mar 26 2018 13:36:33 GMT-0700 (Pacific Daylight Time): GET /weather
Mon Mar 26 2018 13:36:36 GMT-0700 (Pacific Daylight Time): GET /
Mon Mar 26 2018 13:36:38 GMT-0700 (Pacific Daylight Time): GET /
Mon Mar 26 2018 13:37:01 GMT-0700 (Pacific Daylight Time): GET /
Mon Mar 26 2018 13:37:17 GMT-0700 (Pacific Daylight Time): GET /
Mon Mar 26 2018 13:37:18 GMT-0700 (Pacific Daylight Time): GET /
Mon Mar 26 2018 13:37:42 GMT-0700 (Pacific Daylight Time): GET /
Mon Mar 26 2018 13:37:47 GMT-0700 (Pacific Daylight Time): GET /
Mon Mar 26 2018 13:39:46 GMT-0700 (Pacific Daylight Time): GET /
Mon Mar 26 2018 15:21:25 GMT-0700 (Pacific Daylight Time): GET /
Sun Apr 15 2018 22:40:38 GMT-0700 (Pacific Daylight Time): GET /
Sun Apr 15 2018 22:40:40 GMT-0700 (Pacific Daylight Time): GET /info
Sun Apr 15 2018 22:40:42 GMT-0700 (Pacific Daylight Time): GET /
Sun Apr 15 2018 22:40:43 GMT-0700 (Pacific Daylight Time): GET /weather
Sun Apr 15 2018 22:40:47 GMT-0700 (Pacific Daylight Time): GET /weather
Mon Apr 16 2018 00:01:22 GMT-0700 (Pacific Daylight Time): GET /
Mon Apr 16 2018 00:01:25 GMT-0700 (Pacific Daylight Time): GET /info
Mon Apr 16 2018 08:32:06 GMT-0700 (Pacific Daylight Time): GET /info
Mon Apr 16 2018 08:32:07 GMT-0700 (Pacific Daylight Time): GET /
Mon Apr 16 2018 08:32:11 GMT-0700 (Pacific Daylight Time): GET /info
Mon Apr 16 2018 08:32:12 GMT-0700 (Pacific Daylight Time): GET /weather
Mon Apr 16 2018 08:32:15 GMT-0700 (Pacific Daylight Time): GET /
Mon Apr 16 2018 08:32:16 GMT-0700 (Pacific Daylight Time): GET /info
Mon Apr 16 2018 08:35:42 GMT-0700 (Pacific Daylight Time): GET /info
Mon Apr 16 2018 08:35:44 GMT-0700 (Pacific Daylight Time): GET /weather
Mon Apr 16 2018 08:35:45 GMT-0700 (Pacific Daylight Time): GET /info
Mon Apr 16 2018 08:36:32 GMT-0700 (Pacific Daylight Time): GET /weather
Mon Apr 16 2018 08:41:29 GMT-0700 (Pacific Daylight Time): GET /weather
Mon Apr 16 2018 08:41:31 GMT-0700 (Pacific Daylight Time): GET /info
Mon Apr 16 2018 08:41:32 GMT-0700 (Pacific Daylight Time): GET /
Mon Apr 16 2018 08:41:34 GMT-0700 (Pacific Daylight Time): GET /weather
Mon Apr 16 2018 08:41:37 GMT-0700 (Pacific Daylight Time): POST /search
Mon Apr 16 2018 08:50:09 GMT-0700 (Pacific Daylight Time): GET /weather
Mon Apr 16 2018 08:50:13 GMT-0700 (Pacific Daylight Time): GET /
Mon Apr 16 2018 08:50:15 GMT-0700 (Pacific Daylight Time): GET /info
Mon Apr 16 2018 08:50:16 GMT-0700 (Pacific Daylight Time): GET /
Mon Apr 16 2018 08:50:17 GMT-0700 (Pacific Daylight Time): GET /weather
Mon Apr 16 2018 08:50:20 GMT-0700 (Pacific Daylight Time): POST /search
Mon Apr 16 2018 08:50:21 GMT-0700 (Pacific Daylight Time): POST /search
Mon Apr 16 2018 08:50:24 GMT-0700 (Pacific Daylight Time): POST /search
Mon Apr 16 2018 08:50:24 GMT-0700 (Pacific Daylight Time): POST /search
Mon Apr 16 2018 08:50:24 GMT-0700 (Pacific Daylight Time): POST /search
Mon Apr 16 2018 08:50:24 GMT-0700 (Pacific Daylight Time): POST /search
Mon Apr 16 2018 08:50:24 GMT-0700 (Pacific Daylight Time): POST /search
Mon Apr 16 2018 08:50:24 GMT-0700 (Pacific Daylight Time): POST /search
Mon Apr 16 2018 08:50:24 GMT-0700 (Pacific Daylight Time): POST /search
Mon Apr 16 2018 08:50:25 GMT-0700 (Pacific Daylight Time): POST /search
Mon Apr 16 2018 08:50:34 GMT-0700 (Pacific Daylight Time): POST /search
Mon Apr 16 2018 08:54:06 GMT-0700 (Pacific Daylight Time): GET /search
Mon Apr 16 2018 08:54:09 GMT-0700 (Pacific Daylight Time): GET /
Mon Apr 16 2018 08:54:11 GMT-0700 (Pacific Daylight Time): GET /weather
Mon Apr 16 2018 08:54:14 GMT-0700 (Pacific Daylight Time): POST /search
Mon Apr 16 2018 08:54:45 GMT-0700 (Pacific Daylight Time): GET /info
Mon Apr 16 2018 08:54:46 GMT-0700 (Pacific Daylight Time): GET /weather
Mon Apr 16 2018 08:54:50 GMT-0700 (Pacific Daylight Time): GET /
Mon Apr 16 2018 08:54:52 GMT-0700 (Pacific Daylight Time): GET /info
Mon Apr 16 2018 08:54:53 GMT-0700 (Pacific Daylight Time): GET /weather
Mon Apr 16 2018 08:55:37 GMT-0700 (Pacific Daylight Time): GET /home
Mon Apr 16 2018 08:55:38 GMT-0700 (Pacific Daylight Time): GET /
Mon Apr 16 2018 08:55:40 GMT-0700 (Pacific Daylight Time): GET /weather
Mon Apr 16 2018 08:55:52 GMT-0700 (Pacific Daylight Time): POST /search
Mon Apr 16 2018 08:56:26 GMT-0700 (Pacific Daylight Time): GET /
Mon Apr 16 2018 08:56:29 GMT-0700 (Pacific Daylight Time): GET /
Mon Apr 16 2018 08:56:57 GMT-0700 (Pacific Daylight Time): GET /
Mon Apr 16 2018 08:56:59 GMT-0700 (Pacific Daylight Time): GET /weather
Mon Apr 16 2018 08:57:04 GMT-0700 (Pacific Daylight Time): POST /search
Mon Apr 16 2018 08:57:08 GMT-0700 (Pacific Daylight Time): POST /search
Mon Apr 16 2018 08:57:14 GMT-0700 (Pacific Daylight Time): GET /weather
Mon Apr 16 2018 08:57:15 GMT-0700 (Pacific Daylight Time): GET /weather
Mon Apr 16 2018 08:57:25 GMT-0700 (Pacific Daylight Time): GET /weather
Mon Apr 16 2018 08:57:34 GMT-0700 (Pacific Daylight Time): GET /weather
Mon Apr 16 2018 08:57:36 GMT-0700 (Pacific Daylight Time): POST /search
Mon Apr 16 2018 08:57:38 GMT-0700 (Pacific Daylight Time): POST /search
Mon Apr 16 2018 08:57:39 GMT-0700 (Pacific Daylight Time): POST /search
Mon Apr 16 2018 08:57:39 GMT-0700 (Pacific Daylight Time): POST /search
Mon Apr 16 2018 08:57:39 GMT-0700 (Pacific Daylight Time): POST /search
Mon Apr 16 2018 08:57:41 GMT-0700 (Pacific Daylight Time): POST /search
Mon Apr 16 2018 08:57:44 GMT-0700 (Pacific Daylight Time): GET /weather
Mon Apr 16 2018 08:58:30 GMT-0700 (Pacific Daylight Time): GET /
Mon Apr 16 2018 08:58:32 GMT-0700 (Pacific Daylight Time): GET /weather
Mon Apr 16 2018 08:58:36 GMT-0700 (Pacific Daylight Time): POST /search
Mon Apr 16 2018 08:59:07 GMT-0700 (Pacific Daylight Time): GET /
Mon Apr 16 2018 08:59:09 GMT-0700 (Pacific Daylight Time): GET /weather
Mon Apr 16 2018 08:59:12 GMT-0700 (Pacific Daylight Time): POST /weather
Mon Apr 16 2018 08:59:28 GMT-0700 (Pacific Daylight Time): GET /weather
Mon Apr 16 2018 08:59:38 GMT-0700 (Pacific Daylight Time): POST /weather
Mon Apr 16 2018 09:00:03 GMT-0700 (Pacific Daylight Time): GET /weather
Mon Apr 16 2018 09:00:27 GMT-0700 (Pacific Daylight Time): GET /weather
Mon Apr 16 2018 09:00:29 GMT-0700 (Pacific Daylight Time): POST /weather
Mon Apr 16 2018 09:00:34 GMT-0700 (Pacific Daylight Time): GET /weather
Mon Apr 16 2018 09:00:46 GMT-0700 (Pacific Daylight Time): GET /weather
Mon Apr 16 2018 09:01:00 GMT-0700 (Pacific Daylight Time): GET /info
Mon Apr 16 2018 09:01:24 GMT-0700 (Pacific Daylight Time): GET /info
Mon Apr 16 2018 09:02:03 GMT-0700 (Pacific Daylight Time): GET /info
Mon Apr 16 2018 09:02:05 GMT-0700 (Pacific Daylight Time): POST /weather
Mon Apr 16 2018 09:02:16 GMT-0700 (Pacific Daylight Time): GET /weather
Mon Apr 16 2018 09:02:18 GMT-0700 (Pacific Daylight Time): GET /info
Mon Apr 16 2018 09:02:20 GMT-0700 (Pacific Daylight Time): POST /weather
Mon Apr 16 2018 09:03:24 GMT-0700 (Pacific Daylight Time): GET /
Mon Apr 16 2018 09:03:32 GMT-0700 (Pacific Daylight Time): GET /
Mon Apr 16 2018 09:03:33 GMT-0700 (Pacific Daylight Time): GET /info
Mon Apr 16 2018 09:03:36 GMT-0700 (Pacific Daylight Time): POST /weather
Mon Apr 16 2018 09:03:47 GMT-0700 (Pacific Daylight Time): GET /weather
Mon Apr 16 2018 09:03:48 GMT-0700 (Pacific Daylight Time): GET /info
Mon Apr 16 2018 09:03:52 GMT-0700 (Pacific Daylight Time): POST /weather
Mon Apr 16 2018 09:03:55 GMT-0700 (Pacific Daylight Time): GET /info
Mon Apr 16 2018 09:03:58 GMT-0700 (Pacific Daylight Time): POST /weather
Mon Apr 16 2018 09:03:59 GMT-0700 (Pacific Daylight Time): POST /weather
Mon Apr 16 2018 09:03:59 GMT-0700 (Pacific Daylight Time): POST /weather
Mon Apr 16 2018 09:04:03 GMT-0700 (Pacific Daylight Time): POST /weather
Mon Apr 16 2018 09:04:04 GMT-0700 (Pacific Daylight Time): POST /weather
Mon Apr 16 2018 09:04:04 GMT-0700 (Pacific Daylight Time): POST /weather
Mon Apr 16 2018 09:04:04 GMT-0700 (Pacific Daylight Time): POST /weather
Mon Apr 16 2018 09:04:07 GMT-0700 (Pacific Daylight Time): GET /info
Mon Apr 16 2018 09:04:10 GMT-0700 (Pacific Daylight Time): POST /weather
Mon Apr 16 2018 09:04:14 GMT-0700 (Pacific Daylight Time): POST /weather
Mon Apr 16 2018 09:04:24 GMT-0700 (Pacific Daylight Time): GET /
Mon Apr 16 2018 09:04:50 GMT-0700 (Pacific Daylight Time): GET /
Mon Apr 16 2018 09:04:54 GMT-0700 (Pacific Daylight Time): GET /info
Mon Apr 16 2018 09:05:03 GMT-0700 (Pacific Daylight Time): GET /
Mon Apr 16 2018 09:05:04 GMT-0700 (Pacific Daylight Time): GET /info
Mon Apr 16 2018 09:05:22 GMT-0700 (Pacific Daylight Time): GET /info
Mon Apr 16 2018 09:05:23 GMT-0700 (Pacific Daylight Time): GET /info
Mon Apr 16 2018 09:05:26 GMT-0700 (Pacific Daylight Time): GET /
Mon Apr 16 2018 09:05:35 GMT-0700 (Pacific Daylight Time): GET /
Mon Apr 16 2018 09:05:41 GMT-0700 (Pacific Daylight Time): GET /info
Mon Apr 16 2018 09:05:49 GMT-0700 (Pacific Daylight Time): POST /weather
Mon Apr 16 2018 09:07:34 GMT-0700 (Pacific Daylight Time): GET /
Mon Apr 16 2018 09:07:36 GMT-0700 (Pacific Daylight Time): GET /info
Mon Apr 16 2018 09:07:39 GMT-0700 (Pacific Daylight Time): POST /viewweather
Mon Apr 16 2018 09:07:42 GMT-0700 (Pacific Daylight Time): GET /info
Mon Apr 16 2018 09:07:47 GMT-0700 (Pacific Daylight Time): POST /viewweather
Mon Apr 16 2018 09:07:53 GMT-0700 (Pacific Daylight Time): GET /info
Mon Apr 16 2018 09:07:55 GMT-0700 (Pacific Daylight Time): POST /viewweather
Mon Apr 16 2018 09:09:17 GMT-0700 (Pacific Daylight Time): GET /
Mon Apr 16 2018 09:09:19 GMT-0700 (Pacific Daylight Time): GET /info
Mon Apr 16 2018 09:09:21 GMT-0700 (Pacific Daylight Time): POST /viewweather
Mon Apr 16 2018 09:10:27 GMT-0700 (Pacific Daylight Time): GET /home
Mon Apr 16 2018 09:10:30 GMT-0700 (Pacific Daylight Time): GET /
Mon Apr 16 2018 09:10:32 GMT-0700 (Pacific Daylight Time): GET /info
Mon Apr 16 2018 09:10:36 GMT-0700 (Pacific Daylight Time): POST /viewweather
Mon Apr 16 2018 09:10:42 GMT-0700 (Pacific Daylight Time): GET /info
Mon Apr 16 2018 09:20:38 GMT-0700 (Pacific Daylight Time): GET /info
Mon Apr 16 2018 09:20:41 GMT-0700 (Pacific Daylight Time): POST /viewweather
Mon Apr 16 2018 09:20:45 GMT-0700 (Pacific Daylight Time): GET /info
Mon Apr 16 2018 09:20:47 GMT-0700 (Pacific Daylight Time): POST /viewweather
Mon Apr 16 2018 09:20:50 GMT-0700 (Pacific Daylight Time): GET /info
Mon Apr 16 2018 09:20:54 GMT-0700 (Pacific Daylight Time): POST /viewweather
Mon Apr 16 2018 09:20:56 GMT-0700 (Pacific Daylight Time): POST /viewweather
Mon Apr 16 2018 09:21:03 GMT-0700 (Pacific Daylight Time): GET /info
Mon Apr 16 2018 09:21:19 GMT-0700 (Pacific Daylight Time): GET /
Mon Apr 16 2018 09:21:29 GMT-0700 (Pacific Daylight Time): GET /
Mon Apr 16 2018 09:21:35 GMT-0700 (Pacific Daylight Time): GET /
Mon Apr 16 2018 09:23:43 GMT-0700 (Pacific Daylight Time): GET /
Mon Apr 16 2018 09:36:23 GMT-0700 (Pacific Daylight Time): GET /
Mon Apr 16 2018 09:36:34 GMT-0700 (Pacific Daylight Time): GET /
Mon Apr 16 2018 09:38:11 GMT-0700 (Pacific Daylight Time): GET /
Mon Apr 16 2018 09:51:40 GMT-0700 (Pacific Daylight Time): GET /
Mon Apr 16 2018 09:51:41 GMT-0700 (Pacific Daylight Time): GET /info
Mon Apr 16 2018 09:51:44 GMT-0700 (Pacific Daylight Time): POST /viewweather
Mon Apr 16 2018 09:51:45 GMT-0700 (Pacific Daylight Time): POST /viewweather
Mon Apr 16 2018 09:51:48 GMT-0700 (Pacific Daylight Time): POST /viewweather
Mon Apr 16 2018 09:51:53 GMT-0700 (Pacific Daylight Time): GET /info
Mon Apr 16 2018 09:53:00 GMT-0700 (Pacific Daylight Time): GET /
Mon Apr 16 2018 09:53:02 GMT-0700 (Pacific Daylight Time): GET /
Mon Apr 16 2018 09:53:03 GMT-0700 (Pacific Daylight Time): GET /weather
Mon Apr 16 2018 09:53:04 GMT-0700 (Pacific Daylight Time): GET /info
Mon Apr 16 2018 09:53:08 GMT-0700 (Pacific Daylight Time): POST /viewweather
Mon Apr 16 2018 09:53:14 GMT-0700 (Pacific Daylight Time): GET /weather
Mon Apr 16 2018 09:53:16 GMT-0700 (Pacific Daylight Time): GET /info
Mon Apr 16 2018 09:53:32 GMT-0700 (Pacific Daylight Time): GET /info
Mon Apr 16 2018 09:53:33 GMT-0700 (Pacific Daylight Time): GET /
Mon Apr 16 2018 09:55:17 GMT-0700 (Pacific Daylight Time): GET /
Mon Apr 16 2018 09:55:50 GMT-0700 (Pacific Daylight Time): GET /
Mon Apr 16 2018 09:56:26 GMT-0700 (Pacific Daylight Time): GET /
Mon Apr 16 2018 09:56:29 GMT-0700 (Pacific Daylight Time): GET /?img=batman
Mon Apr 16 2018 09:59:45 GMT-0700 (Pacific Daylight Time): GET /
Mon Apr 16 2018 09:59:47 GMT-0700 (Pacific Daylight Time): GET /info
Mon Apr 16 2018 09:59:52 GMT-0700 (Pacific Daylight Time): POST /viewweather
Mon Apr 16 2018 09:59:58 GMT-0700 (Pacific Daylight Time): GET /info
Mon Apr 16 2018 10:00:01 GMT-0700 (Pacific Daylight Time): POST /viewweather
Mon Apr 16 2018 10:00:02 GMT-0700 (Pacific Daylight Time): GET /info
Mon Apr 16 2018 10:00:07 GMT-0700 (Pacific Daylight Time): GET /
Mon Apr 16 2018 10:00:10 GMT-0700 (Pacific Daylight Time): GET /info
Mon Apr 16 2018 10:00:12 GMT-0700 (Pacific Daylight Time): POST /viewweather
Mon Apr 16 2018 10:00:16 GMT-0700 (Pacific Daylight Time): POST /viewweather
Mon Apr 16 2018 10:00:25 GMT-0700 (Pacific Daylight Time): POST /viewweather
Mon Apr 16 2018 10:06:09 GMT-0700 (Pacific Daylight Time): GET /
Mon Apr 16 2018 10:09:28 GMT-0700 (Pacific Daylight Time): GET /
Mon Apr 16 2018 10:09:30 GMT-0700 (Pacific Daylight Time): GET /?img=batman
Mon Apr 16 2018 10:09:40 GMT-0700 (Pacific Daylight Time): GET /info
Mon Apr 16 2018 10:09:43 GMT-0700 (Pacific Daylight Time): POST /viewweather
Mon Apr 16 2018 10:09:46 GMT-0700 (Pacific Daylight Time): POST /viewweather
Mon Apr 16 2018 10:09:54 GMT-0700 (Pacific Daylight Time): GET /info
Mon Apr 16 2018 10:09:56 GMT-0700 (Pacific Daylight Time): POST /viewweather
Mon Apr 16 2018 10:11:13 GMT-0700 (Pacific Daylight Time): GET /
Mon Apr 16 2018 10:11:15 GMT-0700 (Pacific Daylight Time): POST /
